<?xml version="1.0" encoding="UTF-8"?>
<testng-results skipped="0" failed="0" ignored="0" total="2" passed="2">
  <reporter-output>
  </reporter-output>
  <suite name="Suite" duration-ms="49109" started-at="2021-02-05T10:52:33Z" finished-at="2021-02-05T10:53:22Z">
    <groups>
    </groups>
    <test name="Test" duration-ms="49109" started-at="2021-02-05T10:52:33Z" finished-at="2021-02-05T10:53:22Z">
      <class name="demo.parrel1">
        <test-method status="PASS" signature="tc1()[pri:0, instance:demo.parrel1@5c7fa833]" name="tc1" duration-ms="11459" started-at="2021-02-05T10:53:10Z" finished-at="2021-02-05T10:53:22Z">
          <reporter-output>
          </reporter-output>
        </test-method> <!-- tc1 -->
      </class> <!-- demo.parrel1 -->
      <class name="demo.parrel2">
        <test-method status="PASS" signature="tc2()[pri:0, instance:demo.parrel2@457e2f02]" name="tc2" duration-ms="37561" started-at="2021-02-05T10:52:33Z" finished-at="2021-02-05T10:53:10Z">
          <reporter-output>
          </reporter-output>
        </test-method> <!-- tc2 -->
      </class> <!-- demo.parrel2 -->
    </test> <!-- Test -->
  </suite> <!-- Suite -->
</testng-results>
